#
# A fatal error has been detected by the Java Runtime Environment:
#
#  EXCEPTION_ACCESS_VIOLATION (0xc0000005) at pc=0x0000000077bb386a, pid=2756, tid=3176
#
# JRE version: 6.0_25-b06
# Java VM: Java HotSpot(TM) 64-Bit Server VM (20.0-b11 mixed mode windows-amd64 compressed oops)
# Problematic frame:
# C  [ntdll.dll+0x5386a]
#
# If you would like to submit a bug report, please visit:
#   http://java.sun.com/webapps/bugreport/crash.jsp
#

---------------  T H R E A D  ---------------

Current thread (0x000000000651b800):  JavaThread "C2 CompilerThread0" daemon [_thread_in_native, id=3176, stack(0x00000000068c0000,0x00000000069c0000)]

siginfo: ExceptionCode=0xc0000005, reading address 0xffffffffffffffff

Registers:
RAX=0x0000000000001678, RBX=0x0000000000610000, RCX=0x00000000fffff98a, RDX=0x0000000006fe5bd0
RSP=0x00000000069bbc60, RBP=0x0000000000000000, RSI=0x3e380000fe00ffff, RDI=0x0000000006fe5bc0
R8 =0x00000000006112f0, R9 =0x0000000000100000, R10=0x0000000006fe5bd0, R11=0x43fe800043a48000
R12=0x0000000077c75430, R13=0x0000000000001002, R14=0x0000000000000002, R15=0x0000000077c75401
RIP=0x0000000077bb386a, EFLAGS=0x0000000000010202

Top of Stack: (sp=0x00000000069bbc60)
0x00000000069bbc60:   0000000000610000 00000000006112f0
0x00000000069bbc70:   000000000006d000 000000000bee0b40
0x00000000069bbc80:   000000000c1b03c0 000000000e1c0000
0x00000000069bbc90:   000000010c143001 0000000077c75401
0x00000000069bbca0:   0000000000000000 00000000f90107ff
0x00000000069bbcb0:   0000000006fe5bc0 0000000000000000
0x00000000069bbcc0:   000000010e220d00 00000000006112f0
0x00000000069bbcd0:   000000000beedc70 0002000091fc0002
0x00000000069bbce0:   0000000000610000 000000001678e256
0x00000000069bbcf0:   0000000000000000 000000000bee0b40
0x00000000069bbd00:   0000000000001004 00020000875d0100
0x00000000069bbd10:   0000000000610158 00000000875d03ff
0x00000000069bbd20:   00000000650891fc 0000000006fe5bd0
0x00000000069bbd30:   0000000000610100 0000000000610101
0x00000000069bbd40:   000000001c081000 0000000000001004
0x00000000069bbd50:   067000000000037f 000000000e2bca00 

Instructions: (pc=0x0000000077bb386a)
0x0000000077bb384a:   47 0b 0f 85 e6 c2 00 00 0f b7 47 08 49 3b c5 0f
0x0000000077bb385a:   82 40 c3 00 00 4c 8d 57 10 4d 8b 1a 48 8b 77 18
0x0000000077bb386a:   48 8b 0e 4d 8b 4b 08 49 3b c9 0f 85 02 c3 00 00
0x0000000077bb387a:   49 3b ca 0f 85 f9 c2 00 00 48 29 83 c8 00 00 00 


Register to memory mapping:

RAX=0x0000000000001678 is an unknown value
RBX=0x0000000000610000 is an unknown value
RCX=0x00000000fffff98a is an unallocated location in the heap
RDX=0x0000000006fe5bd0 is an unknown value
RSP=0x00000000069bbc60 is pointing into the stack for thread: 0x000000000651b800
RBP=0x0000000000000000 is an unknown value
RSI=0x3e380000fe00ffff is an unknown value
RDI=0x0000000006fe5bc0 is an unknown value
R8 =0x00000000006112f0 is an unknown value
R9 =0x0000000000100000 is an unknown value
R10=0x0000000006fe5bd0 is an unknown value
R11=0x43fe800043a48000 is an unknown value
R12=0x0000000077c75430 is an unknown value
R13=0x0000000000001002 is an unknown value
R14=0x0000000000000002 is an unknown value
R15=0x0000000077c75401 is an unknown value


Stack: [0x00000000068c0000,0x00000000069c0000],  sp=0x00000000069bbc60,  free space=1007k
Native frames: (J=compiled Java code, j=interpreted, Vv=VM code, C=native code)
C  [ntdll.dll+0x5386a]  RtlAllocateHeap+0x4ca

[error occurred during error reporting (printing native stack), id 0xc0000005]


Current CompileTask:
C2:   2400 101      com.badlogic.gdx.math.Matrix4.mul(Lcom/badlogic/gdx/math/Matrix4;)Lcom/badlogic/gdx/math/Matrix4; (1075 bytes)


---------------  P R O C E S S  ---------------

Java Threads: ( => current thread )
  0x000000000061b800 JavaThread "DestroyJavaVM" [_thread_blocked, id=4840, stack(0x0000000002320000,0x0000000002420000)]
  0x0000000006cf2800 JavaThread "LWJGL Application" [_thread_in_native, id=2568, stack(0x0000000007b60000,0x0000000007c60000)]
  0x0000000006521000 JavaThread "Low Memory Detector" daemon [_thread_blocked, id=4316, stack(0x0000000006ac0000,0x0000000006bc0000)]
  0x0000000006520800 JavaThread "C2 CompilerThread1" daemon [_thread_in_vm, id=2412, stack(0x00000000069c0000,0x0000000006ac0000)]
=>0x000000000651b800 JavaThread "C2 CompilerThread0" daemon [_thread_in_native, id=3176, stack(0x00000000068c0000,0x00000000069c0000)]
  0x0000000006514800 JavaThread "Attach Listener" daemon [_thread_blocked, id=3264, stack(0x00000000067c0000,0x00000000068c0000)]
  0x000000000650f000 JavaThread "Signal Dispatcher" daemon [_thread_blocked, id=4920, stack(0x00000000066c0000,0x00000000067c0000)]
  0x00000000003d6800 JavaThread "Finalizer" daemon [_thread_blocked, id=1720, stack(0x00000000063c0000,0x00000000064c0000)]
  0x00000000003d3800 JavaThread "Reference Handler" daemon [_thread_blocked, id=4692, stack(0x00000000062c0000,0x00000000063c0000)]

Other Threads:
  0x00000000003cb800 VMThread [stack: 0x00000000061c0000,0x00000000062c0000] [id=2944]
  0x0000000006534000 WatcherThread [stack: 0x0000000006bc0000,0x0000000006cc0000] [id=4488]

VM state:not at safepoint (normal execution)

VM Mutex/Monitor currently owned by a thread:  ([mutex/lock_event])
[0x0000000000618af0] CodeCache_lock - owner thread: 0x0000000006520800
[0x000000000061a1a0] Compile_lock - owner thread: 0x0000000006520800
[0x000000000061a2a0] MethodCompileQueue_lock - owner thread: 0x0000000006520800

Heap
 PSYoungGen      total 19136K, used 11312K [0x00000000eaab0000, 0x00000000ec000000, 0x0000000100000000)
  eden space 16448K, 68% used [0x00000000eaab0000,0x00000000eb5bc268,0x00000000ebac0000)
  from space 2688K, 0% used [0x00000000ebd60000,0x00000000ebd60000,0x00000000ec000000)
  to   space 2688K, 0% used [0x00000000ebac0000,0x00000000ebac0000,0x00000000ebd60000)
 PSOldGen        total 43712K, used 0K [0x00000000c0000000, 0x00000000c2ab0000, 0x00000000eaab0000)
  object space 43712K, 0% used [0x00000000c0000000,0x00000000c0000000,0x00000000c2ab0000)
 PSPermGen       total 21248K, used 7282K [0x00000000bae00000, 0x00000000bc2c0000, 0x00000000c0000000)
  object space 21248K, 34% used [0x00000000bae00000,0x00000000bb51c9d8,0x00000000bc2c0000)

Code Cache  [0x0000000002420000, 0x0000000002690000, 0x0000000005420000)
 total_blobs=471 nmethods=119 adapters=302 free_code_cache=49655296 largest_free_block=10880

Dynamic libraries:
0x0000000000400000 - 0x000000000042e000 	C:\Program Files\Java\jre6\bin\javaw.exe
0x0000000077b60000 - 0x0000000077d09000 	C:\Windows\SYSTEM32\ntdll.dll
0x0000000077940000 - 0x0000000077a5f000 	C:\Windows\system32\kernel32.dll
0x000007fefd270000 - 0x000007fefd2dc000 	C:\Windows\system32\KERNELBASE.dll
0x000007fefe7c0000 - 0x000007fefe89b000 	C:\Windows\system32\ADVAPI32.dll
0x000007fefeff0000 - 0x000007feff08f000 	C:\Windows\system32\msvcrt.dll
0x000007fefeb00000 - 0x000007fefeb1f000 	C:\Windows\SYSTEM32\sechost.dll
0x000007fefe8a0000 - 0x000007fefe9cd000 	C:\Windows\system32\RPCRT4.dll
0x0000000077a60000 - 0x0000000077b5a000 	C:\Windows\system32\USER32.dll
0x000007feff090000 - 0x000007feff0f7000 	C:\Windows\system32\GDI32.dll
0x000007fefedc0000 - 0x000007fefedce000 	C:\Windows\system32\LPK.dll
0x000007feff1a0000 - 0x000007feff269000 	C:\Windows\system32\USP10.dll
0x000007fefd5c0000 - 0x000007fefd5ee000 	C:\Windows\system32\IMM32.DLL
0x000007fefe450000 - 0x000007fefe559000 	C:\Windows\system32\MSCTF.dll
0x000000006d7f0000 - 0x000000006dfa8000 	C:\Program Files\Java\jre6\bin\server\jvm.dll
0x000007fefafc0000 - 0x000007fefaffb000 	C:\Windows\system32\WINMM.dll
0x000000006d760000 - 0x000000006d76e000 	C:\Program Files\Java\jre6\bin\verify.dll
0x000000006d3b0000 - 0x000000006d3d7000 	C:\Program Files\Java\jre6\bin\java.dll
0x0000000077d30000 - 0x0000000077d37000 	C:\Windows\system32\PSAPI.DLL
0x000000006d7b0000 - 0x000000006d7c2000 	C:\Program Files\Java\jre6\bin\zip.dll
0x000000006b980000 - 0x000000006ba52000 	C:\Users\arte\AppData\Local\Temp\libgdx\3653099623\gdx64.dll
0x0000000180000000 - 0x000000018004e000 	C:\Users\arte\AppData\Local\Temp\libgdx\3653099623\lwjgl64.dll
0x000007feeaf50000 - 0x000007feeb06d000 	C:\Windows\system32\OPENGL32.dll
0x000007fef6ab0000 - 0x000007fef6add000 	C:\Windows\system32\GLU32.dll
0x000007feeb1f0000 - 0x000007feeb2e1000 	C:\Windows\system32\DDRAW.dll
0x000007fefa400000 - 0x000007fefa408000 	C:\Windows\system32\DCIMAN32.dll
0x000007fefd3e0000 - 0x000007fefd5b7000 	C:\Windows\system32\SETUPAPI.dll
0x000007fefd320000 - 0x000007fefd356000 	C:\Windows\system32\CFGMGR32.dll
0x000007feff270000 - 0x000007feff347000 	C:\Windows\system32\OLEAUT32.dll
0x000007fefeb30000 - 0x000007fefed33000 	C:\Windows\system32\ole32.dll
0x000007fefd250000 - 0x000007fefd26a000 	C:\Windows\system32\DEVOBJ.dll
0x000007fefb320000 - 0x000007fefb338000 	C:\Windows\system32\dwmapi.dll
0x000007fefc0f0000 - 0x000007fefc0fc000 	C:\Windows\system32\VERSION.dll
0x000007fefb7b0000 - 0x000007fefb9a4000 	C:\Windows\WinSxS\amd64_microsoft.windows.common-controls_6595b64144ccf1df_6.0.7601.17514_none_fa396087175ac9ac\COMCTL32.dll
0x000007fefd5f0000 - 0x000007fefd661000 	C:\Windows\system32\SHLWAPI.dll
0x00000000070c0000 - 0x000000000711c000 	C:\Users\arte\AppData\Local\Temp\libgdx\3653099623\OpenAL64.dll
0x000007fefd6c0000 - 0x000007fefe448000 	C:\Windows\system32\SHELL32.dll
0x000007fefcec0000 - 0x000007fefcecf000 	C:\Windows\system32\CRYPTBASE.dll
0x000007fefb700000 - 0x000007fefb756000 	C:\Windows\system32\uxtheme.dll
0x000007feff100000 - 0x000007feff199000 	C:\Windows\system32\CLBCatQ.DLL
0x000007fefbca0000 - 0x000007fefbdcc000 	C:\Windows\System32\PROPSYS.dll
0x000007fefd2e0000 - 0x000007fefd31a000 	C:\Windows\system32\WINTRUST.dll
0x000007fefd0e0000 - 0x000007fefd247000 	C:\Windows\system32\CRYPT32.dll
0x000007fefd030000 - 0x000007fefd03f000 	C:\Windows\system32\MSASN1.dll
0x000007fef6560000 - 0x000007fef65e8000 	C:\Windows\system32\dsound.dll
0x000007fefc0a0000 - 0x000007fefc0cc000 	C:\Windows\system32\POWRPROF.dll
0x000007fefbdd0000 - 0x000007fefbe1b000 	C:\Windows\System32\MMDevApi.dll
0x000007fefad10000 - 0x000007fefad5f000 	C:\Windows\system32\AUDIOSES.DLL
0x000007fefa4d0000 - 0x000007fefa4d9000 	C:\Windows\system32\atig6pxx.dll
0x0000000069030000 - 0x000000006a8ed000 	C:\Windows\system32\atio6axx.dll
0x0000000072a40000 - 0x0000000072b29000 	C:\Windows\system32\aticfx64.dll
0x000007fefa430000 - 0x000007fefa4b9000 	C:\Windows\system32\atiadlxx.dll
0x000007fefc2d0000 - 0x000007fefc2ee000 	C:\Windows\system32\USERENV.dll
0x000007fefcf90000 - 0x000007fefcf9f000 	C:\Windows\system32\profapi.dll
0x000007fefc0d0000 - 0x000007fefc0e1000 	C:\Windows\system32\WTSAPI32.dll
0x000007fefa3f0000 - 0x000007fefa3fe000 	C:\Windows\system32\atig6txx.dll
0x000007fee9aa0000 - 0x000007fee9b3c000 	C:\Windows\system32\mscms.dll
0x000007fef6150000 - 0x000007fef6192000 	C:\Windows\system32\icm32.dll
0x000007feebdd0000 - 0x000007feebef5000 	C:\Windows\system32\dbghelp.dll

VM Arguments:
jvm_args: -Dfile.encoding=Cp1257 
java_command: com.zero.spaceshooter.MainDesktop
Launcher Type: SUN_STANDARD

Environment Variables:
PATH=C:\Program Files (x86)\AMD APP\bin\x86_64;C:\Program Files (x86)\AMD APP\bin\x86;C:\Windows\system32;C:\Windows;C:\Windows\System32\Wbem;C:\Windows\System32\WindowsPowerShell\v1.0\;C:\Program Files (x86)\ATI Technologies\ATI.ACE\Core-Static;C:\Program Files (x86)\Pinnacle\Shared Files\;C:\Program Files (x86)\Pinnacle\Shared Files\Filter\;C:\Program Files\TortoiseGit\bin;C:\Program Files (x86)\OpenVPN\bin
USERNAME=arte
OS=Windows_NT
PROCESSOR_IDENTIFIER=Intel64 Family 6 Model 15 Stepping 11, GenuineIntel



---------------  S Y S T E M  ---------------

OS: Windows 7 Build 7601 Service Pack 1

CPU:total 4 (4 cores per cpu, 1 threads per core) family 6 model 15 stepping 11, cmov, cx8, fxsr, mmx, sse, sse2, sse3, ssse3

Memory: 4k page, physical 4193332k(2282444k free), swap 8384816k(5768440k free)

vm_info: Java HotSpot(TM) 64-Bit Server VM (20.0-b11) for windows-amd64 JRE (1.6.0_25-b06), built on Apr 14 2011 00:44:38 by "java_re" with MS VC++ 8.0 (VS2005)

time: Sun Mar 04 12:02:14 2012
elapsed time: 2 seconds

