#
# A fatal error has been detected by the Java Runtime Environment:
#
#  EXCEPTION_ACCESS_VIOLATION (0xc0000005) at pc=0x0000000077ba9eae, pid=4456, tid=4536
#
# JRE version: 6.0_25-b06
# Java VM: Java HotSpot(TM) 64-Bit Server VM (20.0-b11 mixed mode windows-amd64 compressed oops)
# Problematic frame:
# C  [ntdll.dll+0x49eae]
#
# If you would like to submit a bug report, please visit:
#   http://java.sun.com/webapps/bugreport/crash.jsp
#

---------------  T H R E A D  ---------------

Current thread (0x000000000658b800):  JavaThread "C2 CompilerThread0" daemon [_thread_in_native, id=4536, stack(0x0000000006930000,0x0000000006a30000)]

siginfo: ExceptionCode=0xc0000005, reading address 0xffffffffffffffff

Registers:
RAX=0x0000000000001678, RBX=0x00000000002b0000, RCX=0x0000000000001d47, RDX=0x43fe800043a48000
RSP=0x0000000006a2bbd0, RBP=0x0000000000000000, RSI=0x0000000000000000, RDI=0x000000000653c882
R8 =0x00000000002b12f0, R9 =0x0000000000100000, R10=0x00000000002b0158, R11=0x00000000000006fe
R12=0x0000000077c75430, R13=0x00000000000033bf, R14=0x0000000000000002, R15=0x0000000077c75401
RIP=0x0000000077ba9eae, EFLAGS=0x0000000000010206

Top of Stack: (sp=0x0000000006a2bbd0)
0x0000000006a2bbd0:   0000000000000001 0000000000000000
0x0000000006a2bbe0:   00000000bae05f60 0000000000000000
0x0000000006a2bbf0:   0000000006a2be20 000000006d8890e2
0x0000000006a2bc00:   0000000106580e01 0000000077c75401
0x0000000006a2bc10:   0000000000000000 0000000000000000
0x0000000006a2bc20:   0000000006a2be50 0000000000000000
0x0000000006a2bc30:   0000000006580eb8 0000000006580eb0
0x0000000006a2bc40:   0000000006580ec0 00020000c8829cf1
0x0000000006a2bc50:   0000000006580ed0 0000000016780ec0
0x0000000006a2bc60:   0000000106580e00 000000000000034e
0x0000000006a2bc70:   0000000000000000 0000000000000009
0x0000000006a2bc80:   000000000f2bf690 000000000f2bf6a0
0x0000000006a2bc90:   00000000066deba0 000000000653c882
0x0000000006a2bca0:   000000000671cde8 00000000c8820000
0x0000000006a2bcb0:   0000000000000000 000000020b5057b0
0x0000000006a2bcc0:   05e1000006714e00 000000000653e3c0 

Instructions: (pc=0x0000000077ba9eae)
0x0000000077ba9e8e:   40 30 4a 8b 14 d8 48 89 94 24 a8 01 00 00 4c 3b
0x0000000077ba9e9e:   d2 0f 84 6b 99 00 00 45 85 c9 0f 84 79 5c 01 00
0x0000000077ba9eae:   8b 42 f8 89 84 24 70 03 00 00 44 8b 4b 7c 41 85
0x0000000077ba9ebe:   c1 74 0d 33 83 88 00 00 00 89 84 24 70 03 00 00 


Register to memory mapping:

RAX=0x0000000000001678 is an unknown value
RBX=0x00000000002b0000 is an unknown value
RCX=0x0000000000001d47 is an unknown value
RDX=0x43fe800043a48000 is an unknown value
RSP=0x0000000006a2bbd0 is pointing into the stack for thread: 0x000000000658b800
RBP=0x0000000000000000 is an unknown value
RSI=0x0000000000000000 is an unknown value
RDI=0x000000000653c882 is an unknown value
R8 =0x00000000002b12f0 is an unknown value
R9 =0x0000000000100000 is an unknown value
R10=0x00000000002b0158 is an unknown value
R11=0x00000000000006fe is an unknown value
R12=0x0000000077c75430 is an unknown value
R13=0x00000000000033bf is an unknown value
R14=0x0000000000000002 is an unknown value
R15=0x0000000077c75401 is an unknown value


Stack: [0x0000000006930000,0x0000000006a30000],  sp=0x0000000006a2bbd0,  free space=1006k
Native frames: (J=compiled Java code, j=interpreted, Vv=VM code, C=native code)
C  [ntdll.dll+0x49eae]  LdrLoadAlternateResourceModule+0x75e

[error occurred during error reporting (printing native stack), id 0xc0000005]


Current CompileTask:
C2:   4143 179      com.badlogic.gdx.graphics.g2d.NinePatch.draw(Lcom/badlogic/gdx/graphics/g2d/SpriteBatch;FFFF)V (446 bytes)


---------------  P R O C E S S  ---------------

Java Threads: ( => current thread )
  0x00000000002bb800 JavaThread "DestroyJavaVM" [_thread_blocked, id=2172, stack(0x0000000002390000,0x0000000002490000)]
  0x00000000066e8800 JavaThread "LWJGL Application" [_thread_in_native, id=1524, stack(0x0000000007b90000,0x0000000007c90000)]
  0x0000000006591000 JavaThread "Low Memory Detector" daemon [_thread_blocked, id=4644, stack(0x0000000006b30000,0x0000000006c30000)]
  0x0000000006590800 JavaThread "C2 CompilerThread1" daemon [_thread_in_native, id=2612, stack(0x0000000006a30000,0x0000000006b30000)]
=>0x000000000658b800 JavaThread "C2 CompilerThread0" daemon [_thread_in_native, id=4536, stack(0x0000000006930000,0x0000000006a30000)]
  0x0000000006584800 JavaThread "Attach Listener" daemon [_thread_blocked, id=2320, stack(0x0000000006830000,0x0000000006930000)]
  0x000000000657f000 JavaThread "Signal Dispatcher" daemon [_thread_blocked, id=2948, stack(0x0000000006730000,0x0000000006830000)]
  0x00000000003b6800 JavaThread "Finalizer" daemon [_thread_blocked, id=3140, stack(0x0000000006430000,0x0000000006530000)]
  0x00000000003b3800 JavaThread "Reference Handler" daemon [_thread_blocked, id=208, stack(0x0000000006330000,0x0000000006430000)]

Other Threads:
  0x00000000003ab800 VMThread [stack: 0x0000000006230000,0x0000000006330000] [id=3284]
  0x00000000065a4800 WatcherThread [stack: 0x0000000006c30000,0x0000000006d30000] [id=1000]

VM state:not at safepoint (normal execution)

VM Mutex/Monitor currently owned by a thread: None

Heap
 PSYoungGen      total 19136K, used 15366K [0x00000000eaab0000, 0x00000000ec000000, 0x0000000100000000)
  eden space 16448K, 93% used [0x00000000eaab0000,0x00000000eb9b1af0,0x00000000ebac0000)
  from space 2688K, 0% used [0x00000000ebd60000,0x00000000ebd60000,0x00000000ec000000)
  to   space 2688K, 0% used [0x00000000ebac0000,0x00000000ebac0000,0x00000000ebd60000)
 PSOldGen        total 43712K, used 0K [0x00000000c0000000, 0x00000000c2ab0000, 0x00000000eaab0000)
  object space 43712K, 0% used [0x00000000c0000000,0x00000000c0000000,0x00000000c2ab0000)
 PSPermGen       total 21248K, used 7370K [0x00000000bae00000, 0x00000000bc2c0000, 0x00000000c0000000)
  object space 21248K, 34% used [0x00000000bae00000,0x00000000bb532908,0x00000000bc2c0000)

Code Cache  [0x0000000002490000, 0x0000000002700000, 0x0000000005490000)
 total_blobs=552 nmethods=201 adapters=302 free_code_cache=49464512 largest_free_block=6656

Dynamic libraries:
0x0000000000400000 - 0x000000000042e000 	C:\Program Files\Java\jre6\bin\javaw.exe
0x0000000077b60000 - 0x0000000077d09000 	C:\Windows\SYSTEM32\ntdll.dll
0x0000000077940000 - 0x0000000077a5f000 	C:\Windows\system32\kernel32.dll
0x000007fefd270000 - 0x000007fefd2dc000 	C:\Windows\system32\KERNELBASE.dll
0x000007fefe7c0000 - 0x000007fefe89b000 	C:\Windows\system32\ADVAPI32.dll
0x000007fefeff0000 - 0x000007feff08f000 	C:\Windows\system32\msvcrt.dll
0x000007fefeb00000 - 0x000007fefeb1f000 	C:\Windows\SYSTEM32\sechost.dll
0x000007fefe8a0000 - 0x000007fefe9cd000 	C:\Windows\system32\RPCRT4.dll
0x0000000077a60000 - 0x0000000077b5a000 	C:\Windows\system32\USER32.dll
0x000007feff090000 - 0x000007feff0f7000 	C:\Windows\system32\GDI32.dll
0x000007fefedc0000 - 0x000007fefedce000 	C:\Windows\system32\LPK.dll
0x000007feff1a0000 - 0x000007feff269000 	C:\Windows\system32\USP10.dll
0x000007fefd5c0000 - 0x000007fefd5ee000 	C:\Windows\system32\IMM32.DLL
0x000007fefe450000 - 0x000007fefe559000 	C:\Windows\system32\MSCTF.dll
0x000000006d7f0000 - 0x000000006dfa8000 	C:\Program Files\Java\jre6\bin\server\jvm.dll
0x000007fefafc0000 - 0x000007fefaffb000 	C:\Windows\system32\WINMM.dll
0x000000006d760000 - 0x000000006d76e000 	C:\Program Files\Java\jre6\bin\verify.dll
0x000000006d3b0000 - 0x000000006d3d7000 	C:\Program Files\Java\jre6\bin\java.dll
0x0000000077d30000 - 0x0000000077d37000 	C:\Windows\system32\PSAPI.DLL
0x000000006d7b0000 - 0x000000006d7c2000 	C:\Program Files\Java\jre6\bin\zip.dll
0x000000006b980000 - 0x000000006ba52000 	C:\Users\arte\AppData\Local\Temp\libgdx\3653099623\gdx64.dll
0x0000000180000000 - 0x000000018004e000 	C:\Users\arte\AppData\Local\Temp\libgdx\3653099623\lwjgl64.dll
0x000007feeb1d0000 - 0x000007feeb2ed000 	C:\Windows\system32\OPENGL32.dll
0x000007fef8ca0000 - 0x000007fef8ccd000 	C:\Windows\system32\GLU32.dll
0x000007fef6a90000 - 0x000007fef6b81000 	C:\Windows\system32\DDRAW.dll
0x000007fefa4d0000 - 0x000007fefa4d8000 	C:\Windows\system32\DCIMAN32.dll
0x000007fefd3e0000 - 0x000007fefd5b7000 	C:\Windows\system32\SETUPAPI.dll
0x000007fefd320000 - 0x000007fefd356000 	C:\Windows\system32\CFGMGR32.dll
0x000007feff270000 - 0x000007feff347000 	C:\Windows\system32\OLEAUT32.dll
0x000007fefeb30000 - 0x000007fefed33000 	C:\Windows\system32\ole32.dll
0x000007fefd250000 - 0x000007fefd26a000 	C:\Windows\system32\DEVOBJ.dll
0x000007fefb320000 - 0x000007fefb338000 	C:\Windows\system32\dwmapi.dll
0x000007fefc0f0000 - 0x000007fefc0fc000 	C:\Windows\system32\VERSION.dll
0x000007fefb7b0000 - 0x000007fefb9a4000 	C:\Windows\WinSxS\amd64_microsoft.windows.common-controls_6595b64144ccf1df_6.0.7601.17514_none_fa396087175ac9ac\COMCTL32.dll
0x000007fefd5f0000 - 0x000007fefd661000 	C:\Windows\system32\SHLWAPI.dll
0x0000000007230000 - 0x000000000728c000 	C:\Users\arte\AppData\Local\Temp\libgdx\3653099623\OpenAL64.dll
0x000007fefd6c0000 - 0x000007fefe448000 	C:\Windows\system32\SHELL32.dll
0x000007fefcec0000 - 0x000007fefcecf000 	C:\Windows\system32\CRYPTBASE.dll
0x000007fefb700000 - 0x000007fefb756000 	C:\Windows\system32\uxtheme.dll
0x000007feff100000 - 0x000007feff199000 	C:\Windows\system32\CLBCatQ.DLL
0x000007fefbca0000 - 0x000007fefbdcc000 	C:\Windows\System32\PROPSYS.dll
0x000007fefd2e0000 - 0x000007fefd31a000 	C:\Windows\system32\WINTRUST.dll
0x000007fefd0e0000 - 0x000007fefd247000 	C:\Windows\system32\CRYPT32.dll
0x000007fefd030000 - 0x000007fefd03f000 	C:\Windows\system32\MSASN1.dll
0x000007fef6560000 - 0x000007fef65e8000 	C:\Windows\system32\dsound.dll
0x000007fefc0a0000 - 0x000007fefc0cc000 	C:\Windows\system32\POWRPROF.dll
0x000007fefbdd0000 - 0x000007fefbe1b000 	C:\Windows\System32\MMDevApi.dll
0x000007fefad10000 - 0x000007fefad5f000 	C:\Windows\system32\AUDIOSES.DLL
0x000007fef8cf0000 - 0x000007fef8cf9000 	C:\Windows\system32\atig6pxx.dll
0x0000000069030000 - 0x000000006a8ed000 	C:\Windows\system32\atio6axx.dll
0x0000000072a40000 - 0x0000000072b29000 	C:\Windows\system32\aticfx64.dll
0x000007fefa430000 - 0x000007fefa4b9000 	C:\Windows\system32\atiadlxx.dll
0x000007fefc2d0000 - 0x000007fefc2ee000 	C:\Windows\system32\USERENV.dll
0x000007fefcf90000 - 0x000007fefcf9f000 	C:\Windows\system32\profapi.dll
0x000007fefc0d0000 - 0x000007fefc0e1000 	C:\Windows\system32\WTSAPI32.dll
0x000007fef8cd0000 - 0x000007fef8cde000 	C:\Windows\system32\atig6txx.dll
0x000007feeaf50000 - 0x000007feeafec000 	C:\Windows\system32\mscms.dll
0x000007fef6a40000 - 0x000007fef6a82000 	C:\Windows\system32\icm32.dll
0x000007feebdd0000 - 0x000007feebef5000 	C:\Windows\system32\dbghelp.dll

VM Arguments:
jvm_args: -Dfile.encoding=Cp1257 
java_command: com.zero.spaceshooter.MainDesktop
Launcher Type: SUN_STANDARD

Environment Variables:
PATH=C:\Program Files (x86)\AMD APP\bin\x86_64;C:\Program Files (x86)\AMD APP\bin\x86;C:\Windows\system32;C:\Windows;C:\Windows\System32\Wbem;C:\Windows\System32\WindowsPowerShell\v1.0\;C:\Program Files (x86)\ATI Technologies\ATI.ACE\Core-Static;C:\Program Files (x86)\Pinnacle\Shared Files\;C:\Program Files (x86)\Pinnacle\Shared Files\Filter\;C:\Program Files\TortoiseGit\bin;C:\Program Files (x86)\OpenVPN\bin
USERNAME=arte
OS=Windows_NT
PROCESSOR_IDENTIFIER=Intel64 Family 6 Model 15 Stepping 11, GenuineIntel



---------------  S Y S T E M  ---------------

OS: Windows 7 Build 7601 Service Pack 1

CPU:total 4 (4 cores per cpu, 1 threads per core) family 6 model 15 stepping 11, cmov, cx8, fxsr, mmx, sse, sse2, sse3, ssse3

Memory: 4k page, physical 4193332k(2269788k free), swap 8384816k(5783756k free)

vm_info: Java HotSpot(TM) 64-Bit Server VM (20.0-b11) for windows-amd64 JRE (1.6.0_25-b06), built on Apr 14 2011 00:44:38 by "java_re" with MS VC++ 8.0 (VS2005)

time: Sun Mar 04 12:19:18 2012
elapsed time: 4 seconds

