#
# A fatal error has been detected by the Java Runtime Environment:
#
#  EXCEPTION_ACCESS_VIOLATION (0xc0000005) at pc=0x000000006b99e51e, pid=4624, tid=5060
#
# JRE version: 6.0_31-b05
# Java VM: Java HotSpot(TM) 64-Bit Server VM (20.6-b01 mixed mode windows-amd64 compressed oops)
# Problematic frame:
# C  [gdx64.dll+0x1e51e]
#
# If you would like to submit a bug report, please visit:
#   http://java.sun.com/webapps/bugreport/crash.jsp
# The crash happened outside the Java Virtual Machine in native code.
# See problematic frame for where to report the bug.
#

---------------  T H R E A D  ---------------

Current thread (0x0000000006dec000):  JavaThread "LWJGL Application" [_thread_in_native, id=5060, stack(0x0000000007da0000,0x0000000007ea0000)]

siginfo: ExceptionCode=0xc0000005, reading address 0x0000000000000058

Registers:
RAX=0x0000000000000000, RBX=0x0000000000000000, RCX=0x0000000000000000, RDX=0x0000000007e9e7e0
RSP=0x0000000007e9e770, RBP=0x0000000007e9e7e0, RSI=0x00000000be6b2a00, RDI=0x0000000002605b22
R8 =0x0000000000000000, R9 =0x0000000006e0c760, R10=0x0000000002611339, R11=0x000000006dab2560
R12=0x0000000000000000, R13=0x00000000be6a6160, R14=0x0000000007e9e960, R15=0x0000000006dec000
RIP=0x000000006b99e51e, EFLAGS=0x0000000000010202

Top of Stack: (sp=0x0000000007e9e770)
0x0000000007e9e770:   00000000ed4dc188 000000006b9d2d07
0x0000000007e9e780:   0000000000000018 000000000668f558
0x0000000007e9e790:   0000000000000000 00000000be6a6160
0x0000000007e9e7a0:   00000000be6b2a00 0000000002605b22
0x0000000007e9e7b0:   0000000007e9e8e8 000000006b9a85a1
0x0000000007e9e7c0:   0000000006dec000 0000000007e9e960
0x0000000007e9e7d0:   0000000006629e80 0000000000000003
0x0000000007e9e7e0:   0000000006e0c760 0000000000000000
0x0000000007e9e7f0:   3e99999a00000000 0032070044160000
0x0000000007e9e800:   000000000000ffcd 00000000ed4dc188
0x0000000007e9e810:   0000000007e9e948 0000000002611366
0x0000000007e9e820:   00000000ed4dc188 000000006d9ce517
0x0000000007e9e830:   0000000000000018 0000000006e0c760
0x0000000007e9e840:   0000000000000000 000000003e99999a
0x0000000007e9e850:   0000000044160000 0000000000000000
0x0000000007e9e860:   0000000000000032 00000000ffffffcd 

Instructions: (pc=0x000000006b99e51e)
0x000000006b99e4fe:   66 90 48 83 ec 48 48 89 5c 24 28 48 89 6c 24 40
0x000000006b99e50e:   48 89 cb 48 89 74 24 30 48 89 7c 24 38 48 89 d5
0x000000006b99e51e:   48 8b 71 58 f6 86 98 92 01 00 02 0f 85 81 00 00
0x000000006b99e52e:   00 ba 48 00 00 00 48 89 f1 e8 04 ce fe ff 48 85 


Register to memory mapping:

RAX=0x0000000000000000 is an unknown value
RBX=0x0000000000000000 is an unknown value
RCX=0x0000000000000000 is an unknown value
RDX=0x0000000007e9e7e0 is pointing into the stack for thread: 0x0000000006dec000
RSP=0x0000000007e9e770 is pointing into the stack for thread: 0x0000000006dec000
RBP=0x0000000007e9e7e0 is pointing into the stack for thread: 0x0000000006dec000
RSI=0x00000000be6b2a00 is an oop
{instance class} 
 - klass: {other class}
RDI=0x0000000002605b22 is an Interpreter codelet
return entry points  [0x00000000026051e0, 0x00000000026067a0]  5568 bytes
R8 =0x0000000000000000 is an unknown value
R9 =0x0000000006e0c760 is an unknown value
R10=0x0000000002611339 is an Interpreter codelet
method entry point (kind = native)  [0x00000000026110c0, 0x0000000002611940]  2176 bytes
R11=0x000000006dab2560 is an unknown value
R12=0x0000000000000000 is an unknown value
R13=0x00000000be6a6160 is an oop
{method} 
 - klass: {other class}
R14=0x0000000007e9e960 is pointing into the stack for thread: 0x0000000006dec000
R15=0x0000000006dec000 is a thread


Stack: [0x0000000007da0000,0x0000000007ea0000],  sp=0x0000000007e9e770,  free space=1017k
Native frames: (J=compiled Java code, j=interpreted, Vv=VM code, C=native code)
C  [gdx64.dll+0x1e51e]

Java frames: (J=compiled Java code, j=interpreted, Vv=VM code)
j  com.badlogic.gdx.physics.box2d.Body.jniCreateFixture(JJFFFZSSS)J+0
j  com.badlogic.gdx.physics.box2d.Body.createFixture(Lcom/badlogic/gdx/physics/box2d/FixtureDef;)Lcom/badlogic/gdx/physics/box2d/Fixture;+49
j  com.zero.main.PolygonParser.parseEntity(Ljava/lang/String;Lcom/badlogic/gdx/physics/box2d/Body;S)V+343
j  com.zero.objects.Enemy.createPhysicsBody()V+89
j  com.zero.objects.Entity.<init>(Lcom/badlogic/gdx/graphics/g2d/TextureAtlas;Ljava/lang/String;Ljava/lang/Float;Ljava/lang/Float;)V+76
j  com.zero.objects.Enemy.<init>(Lcom/badlogic/gdx/graphics/g2d/TextureAtlas;Ljava/lang/String;Ljava/lang/Float;Ljava/lang/Float;)V+6
j  com.zero.objects.Enemy.hit()V+50
j  com.zero.objects.Enemy.hit(Lcom/zero/objects/Entity;)V+101
j  com.zero.objects.Bullet.collision(Lcom/zero/objects/Entity;)Ljava/lang/Boolean;+21
j  com.zero.main.Manager.endContact(Lcom/badlogic/gdx/physics/box2d/Contact;)V+70
j  com.badlogic.gdx.physics.box2d.World.endContact(J)V+23
v  ~StubRoutines::call_stub
j  com.badlogic.gdx.physics.box2d.World.jniStep(JFII)V+0
j  com.badlogic.gdx.physics.box2d.World.step(FII)V+8
j  com.zero.main.SpaceShooter.fixedStep(F)Z+39
j  com.zero.main.SpaceShooter.render()V+36
j  com.badlogic.gdx.backends.lwjgl.LwjglApplication.mainLoop()V+451
j  com.badlogic.gdx.backends.lwjgl.LwjglApplication$1.run()V+27
v  ~StubRoutines::call_stub

---------------  P R O C E S S  ---------------

Java Threads: ( => current thread )
  0x000000000035b800 JavaThread "DestroyJavaVM" [_thread_blocked, id=332, stack(0x0000000002500000,0x0000000002600000)]
=>0x0000000006dec000 JavaThread "LWJGL Application" [_thread_in_native, id=5060, stack(0x0000000007da0000,0x0000000007ea0000)]
  0x0000000006629000 JavaThread "Low Memory Detector" daemon [_thread_blocked, id=4560, stack(0x0000000006bc0000,0x0000000006cc0000)]
  0x000000000661e800 JavaThread "C2 CompilerThread1" daemon [_thread_blocked, id=520, stack(0x0000000006ac0000,0x0000000006bc0000)]
  0x0000000006619000 JavaThread "C2 CompilerThread0" daemon [_thread_blocked, id=4888, stack(0x00000000069c0000,0x0000000006ac0000)]
  0x0000000006615800 JavaThread "Attach Listener" daemon [_thread_blocked, id=4052, stack(0x00000000068c0000,0x00000000069c0000)]
  0x0000000006610800 JavaThread "Signal Dispatcher" daemon [_thread_blocked, id=4176, stack(0x00000000067c0000,0x00000000068c0000)]
  0x000000000052c800 JavaThread "Finalizer" daemon [_thread_blocked, id=4352, stack(0x00000000064c0000,0x00000000065c0000)]
  0x0000000000525800 JavaThread "Reference Handler" daemon [_thread_blocked, id=4696, stack(0x00000000063c0000,0x00000000064c0000)]

Other Threads:
  0x000000000051d000 VMThread [stack: 0x00000000062c0000,0x00000000063c0000] [id=3148]
  0x000000000663a800 WatcherThread [stack: 0x0000000006cc0000,0x0000000006dc0000] [id=2192]

VM state:not at safepoint (normal execution)

VM Mutex/Monitor currently owned by a thread: None

Heap
 PSYoungGen      total 64064K, used 27350K [0x00000000ebb60000, 0x00000000f38a0000, 0x0000000100000000)
  eden space 62336K, 42% used [0x00000000ebb60000,0x00000000ed5545a0,0x00000000ef840000)
  from space 1728K, 44% used [0x00000000ef840000,0x00000000ef901470,0x00000000ef9f0000)
  to   space 1792K, 0% used [0x00000000f36e0000,0x00000000f36e0000,0x00000000f38a0000)
 PSOldGen        total 41600K, used 1106K [0x00000000c3200000, 0x00000000c5aa0000, 0x00000000ebb60000)
  object space 41600K, 2% used [0x00000000c3200000,0x00000000c3314bc8,0x00000000c5aa0000)
 PSPermGen       total 21248K, used 8709K [0x00000000be000000, 0x00000000bf4c0000, 0x00000000c3200000)
  object space 21248K, 40% used [0x00000000be000000,0x00000000be881620,0x00000000bf4c0000)

Code Cache  [0x0000000002600000, 0x0000000002870000, 0x0000000005600000)
 total_blobs=558 nmethods=167 adapters=344 free_code_cache=49403712 largest_free_block=24320

Dynamic libraries:
0x0000000000400000 - 0x000000000042f000 	C:\Program Files\Java\jdk1.6.0_31\bin\javaw.exe
0x0000000077760000 - 0x0000000077909000 	C:\Windows\SYSTEM32\ntdll.dll
0x0000000077640000 - 0x000000007775f000 	C:\Windows\system32\kernel32.dll
0x000007fefddb0000 - 0x000007fefde1c000 	C:\Windows\system32\KERNELBASE.dll
0x000007fefe310000 - 0x000007fefe3eb000 	C:\Windows\system32\ADVAPI32.dll
0x000007feff7c0000 - 0x000007feff85f000 	C:\Windows\system32\msvcrt.dll
0x000007fefe060000 - 0x000007fefe07f000 	C:\Windows\SYSTEM32\sechost.dll
0x000007feff870000 - 0x000007feff99d000 	C:\Windows\system32\RPCRT4.dll
0x0000000077540000 - 0x000000007763a000 	C:\Windows\system32\USER32.dll
0x000007feff570000 - 0x000007feff5d7000 	C:\Windows\system32\GDI32.dll
0x000007feff410000 - 0x000007feff41e000 	C:\Windows\system32\LPK.dll
0x000007fefdf90000 - 0x000007fefe059000 	C:\Windows\system32\USP10.dll
0x000007feffa20000 - 0x000007feffa4e000 	C:\Windows\system32\IMM32.DLL
0x000007feff220000 - 0x000007feff329000 	C:\Windows\system32\MSCTF.dll
0x000000006d8b0000 - 0x000000006e068000 	C:\Program Files\Java\jdk1.6.0_31\jre\bin\server\jvm.dll
0x000007fefb7e0000 - 0x000007fefb81b000 	C:\Windows\system32\WINMM.dll
0x000000006d820000 - 0x000000006d82e000 	C:\Program Files\Java\jdk1.6.0_31\jre\bin\verify.dll
0x000000006d450000 - 0x000000006d477000 	C:\Program Files\Java\jdk1.6.0_31\jre\bin\java.dll
0x000000006d870000 - 0x000000006d882000 	C:\Program Files\Java\jdk1.6.0_31\jre\bin\zip.dll
0x000000006b980000 - 0x000000006ba52000 	C:\Users\Aivaras\AppData\Local\Temp\libgdx\3653099623\gdx64.dll
0x0000000180000000 - 0x000000018004e000 	C:\Users\Aivaras\AppData\Local\Temp\libgdx\3653099623\lwjgl64.dll
0x000007fef6a00000 - 0x000007fef6b1d000 	C:\Windows\system32\OPENGL32.dll
0x000007fef86e0000 - 0x000007fef870d000 	C:\Windows\system32\GLU32.dll
0x000007fef64f0000 - 0x000007fef65e1000 	C:\Windows\system32\DDRAW.dll
0x000007fef86d0000 - 0x000007fef86d8000 	C:\Windows\system32\DCIMAN32.dll
0x000007feff5e0000 - 0x000007feff7b7000 	C:\Windows\system32\SETUPAPI.dll
0x000007fefdc70000 - 0x000007fefdca6000 	C:\Windows\system32\CFGMGR32.dll
0x000007feff330000 - 0x000007feff407000 	C:\Windows\system32\OLEAUT32.dll
0x000007fefe100000 - 0x000007fefe303000 	C:\Windows\system32\ole32.dll
0x000007fefdd90000 - 0x000007fefddaa000 	C:\Windows\system32\DEVOBJ.dll
0x000007fefc5e0000 - 0x000007fefc5f8000 	C:\Windows\system32\dwmapi.dll
0x000007fefcd20000 - 0x000007fefcd2c000 	C:\Windows\system32\VERSION.dll
0x000007fefc660000 - 0x000007fefc854000 	C:\Windows\WinSxS\amd64_microsoft.windows.common-controls_6595b64144ccf1df_6.0.7601.17514_none_fa396087175ac9ac\COMCTL32.dll
0x000007feff9a0000 - 0x000007feffa11000 	C:\Windows\system32\SHLWAPI.dll
0x00000000003a0000 - 0x00000000003fc000 	C:\Users\Aivaras\AppData\Local\Temp\libgdx\3653099623\OpenAL64.dll
0x000007fefe3f0000 - 0x000007feff178000 	C:\Windows\system32\SHELL32.dll
0x000007fefdaf0000 - 0x000007fefdaff000 	C:\Windows\system32\CRYPTBASE.dll
0x000007fefc2d0000 - 0x000007fefc326000 	C:\Windows\system32\uxtheme.dll
0x000007feff420000 - 0x000007feff4b9000 	C:\Windows\system32\CLBCatQ.DLL
0x000007fefc380000 - 0x000007fefc4ac000 	C:\Windows\System32\PROPSYS.dll
0x000007fefdd50000 - 0x000007fefdd8a000 	C:\Windows\system32\WINTRUST.dll
0x000007fefde20000 - 0x000007fefdf87000 	C:\Windows\system32\CRYPT32.dll
0x000007fefdc60000 - 0x000007fefdc6f000 	C:\Windows\system32\MSASN1.dll
0x000007fef8600000 - 0x000007fef8688000 	C:\Windows\system32\dsound.dll
0x000007fefc500000 - 0x000007fefc52c000 	C:\Windows\system32\POWRPROF.dll
0x000007fefc4b0000 - 0x000007fefc4fb000 	C:\Windows\System32\MMDevApi.dll
0x000007fefb680000 - 0x000007fefb6cf000 	C:\Windows\system32\AUDIOSES.DLL
0x0000000007ea0000 - 0x000000000908d000 	C:\Windows\system32\ig4icd64.dll
0x000007fef2710000 - 0x000007fef27ac000 	C:\Windows\system32\mscms.dll
0x000007fefcf00000 - 0x000007fefcf1e000 	C:\Windows\system32\USERENV.dll
0x000007fefdbc0000 - 0x000007fefdbcf000 	C:\Windows\system32\profapi.dll
0x000007fef26c0000 - 0x000007fef2702000 	C:\Windows\system32\icm32.dll
0x0000000077930000 - 0x0000000077937000 	C:\Windows\system32\PSAPI.DLL

VM Arguments:
jvm_args: -Dfile.encoding=Cp1257 
java_command: com.zero.main.MainDesktop
Launcher Type: SUN_STANDARD

Environment Variables:
PATH=C:\Program Files (x86)\Android\android-sdk\platform-tools;C:\Windows;C:\Windows\system32\;C:\Program Files (x86)\Git\cmd
USERNAME=Aivaras
OS=Windows_NT
PROCESSOR_IDENTIFIER=Intel64 Family 6 Model 37 Stepping 2, GenuineIntel



---------------  S Y S T E M  ---------------

OS: Windows 7 , 64 bit Build 7601 Service Pack 1

CPU:total 4 (2 cores per cpu, 2 threads per core) family 6 model 37 stepping 2, cmov, cx8, fxsr, mmx, sse, sse2, sse3, ssse3, sse4.1, sse4.2, popcnt, ht

Memory: 4k page, physical 3986732k(733072k free), swap 7971616k(3593980k free)

vm_info: Java HotSpot(TM) 64-Bit Server VM (20.6-b01) for windows-amd64 JRE (1.6.0_31-b05), built on Feb  3 2012 18:34:57 by "java_re" with MS VC++ 8.0 (VS2005)

time: Tue Feb 28 12:46:25 2012
elapsed time: 9 seconds

